# JRE version: OpenJDK Runtime Environment (8.0_242-b01) (build 1.8.0_242-release-1644-b01)
# Java VM: OpenJDK 64-Bit Server VM (25.242-b01 mixed mode windows-amd64 compressed oops)
Heap:
 PSYoungGen      total 288256K, used 129017K [0x00000000d5580000, 0x00000000ea600000, 0x0000000100000000)
  eden space 231936K, 43% used [0x00000000d5580000,0x00000000db8abab0,0x00000000e3800000)
  from space 56320K, 48% used [0x00000000e3800000,0x00000000e52d2b80,0x00000000e6f00000)
  to   space 55296K, 0% used [0x00000000e6f80000,0x00000000e6f80000,0x00000000ea580000)
 ParOldGen       total 109568K, used 95212K [0x0000000080000000, 0x0000000086b00000, 0x00000000d5580000)
  object space 109568K, 86% used [0x0000000080000000,0x0000000085cfb240,0x0000000086b00000)
 Metaspace       used 115990K, capacity 124794K, committed 125096K, reserved 1159168K
  class space    used 14732K, capacity 16241K, committed 16304K, reserved 1048576K
GC Heap History (10 events):
Event: 11504.273 GC heap before
{Heap before GC invocations=55 (full 4):
 PSYoungGen      total 254976K, used 233079K [0x00000000d5580000, 0x00000000e8280000, 0x0000000100000000)
  eden space 201728K, 100% used [0x00000000d5580000,0x00000000e1a80000,0x00000000e1a80000)
  from space 53248K, 58% used [0x00000000e4e80000,0x00000000e6d1dc10,0x00000000e8280000)
  to   space 53248K, 0% used [0x00000000e1a80000,0x00000000e1a80000,0x00000000e4e80000)
 ParOldGen       total 109568K, used 65862K [0x0000000080000000, 0x0000000086b00000, 0x00000000d5580000)
  object space 109568K, 60% used [0x0000000080000000,0x0000000084051890,0x0000000086b00000)
 Metaspace       used 115242K, capacity 124052K, committed 124328K, reserved 1157120K
  class space    used 14676K, capacity 16188K, committed 16304K, reserved 1048576K
Event: 11504.369 GC heap after
Heap after GC invocations=55 (full 4):
 PSYoungGen      total 254976K, used 39574K [0x00000000d5580000, 0x00000000e8280000, 0x0000000100000000)
  eden space 201728K, 0% used [0x00000000d5580000,0x00000000d5580000,0x00000000e1a80000)
  from space 53248K, 74% used [0x00000000e1a80000,0x00000000e4125830,0x00000000e4e80000)
  to   space 53248K, 0% used [0x00000000e4e80000,0x00000000e4e80000,0x00000000e8280000)
 ParOldGen       total 109568K, used 66954K [0x0000000080000000, 0x0000000086b00000, 0x00000000d5580000)
  object space 109568K, 61% used [0x0000000080000000,0x00000000841628c0,0x0000000086b00000)
 Metaspace       used 115242K, capacity 124052K, committed 124328K, reserved 1157120K
  class space    used 14676K, capacity 16188K, committed 16304K, reserved 1048576K
}
Event: 11505.387 GC heap before
{Heap before GC invocations=56 (full 4):
 PSYoungGen      total 254976K, used 241302K [0x00000000d5580000, 0x00000000e8280000, 0x0000000100000000)
  eden space 201728K, 100% used [0x00000000d5580000,0x00000000e1a80000,0x00000000e1a80000)
  from space 53248K, 74% used [0x00000000e1a80000,0x00000000e4125830,0x00000000e4e80000)
  to   space 53248K, 0% used [0x00000000e4e80000,0x00000000e4e80000,0x00000000e8280000)
 ParOldGen       total 109568K, used 66954K [0x0000000080000000, 0x0000000086b00000, 0x00000000d5580000)
  object space 109568K, 61% used [0x0000000080000000,0x00000000841628c0,0x0000000086b00000)
 Metaspace       used 115537K, capacity 124392K, committed 124584K, reserved 1157120K
  class space    used 14714K, capacity 16230K, committed 16304K, reserved 1048576K
Event: 11505.504 GC heap after
Heap after GC invocations=56 (full 4):
 PSYoungGen      total 253952K, used 16524K [0x00000000d5580000, 0x00000000ea600000, 0x0000000100000000)
  eden space 200704K, 0% used [0x00000000d5580000,0x00000000d5580000,0x00000000e1980000)
  from space 53248K, 31% used [0x00000000e4e80000,0x00000000e5ea31b8,0x00000000e8280000)
  to   space 54272K, 0% used [0x00000000e1980000,0x00000000e1980000,0x00000000e4e80000)
 ParOldGen       total 109568K, used 88998K [0x0000000080000000, 0x0000000086b00000, 0x00000000d5580000)
  object space 109568K, 81% used [0x0000000080000000,0x00000000856e9818,0x0000000086b00000)
 Metaspace       used 115537K, capacity 124392K, committed 124584K, reserved 1157120K
  class space    used 14714K, capacity 16230K, committed 16304K, reserved 1048576K
}
Event: 11506.797 GC heap before
{Heap before GC invocations=57 (full 4):
 PSYoungGen      total 253952K, used 217228K [0x00000000d5580000, 0x00000000ea600000, 0x0000000100000000)
  eden space 200704K, 100% used [0x00000000d5580000,0x00000000e1980000,0x00000000e1980000)
  from space 53248K, 31% used [0x00000000e4e80000,0x00000000e5ea31b8,0x00000000e8280000)
  to   space 54272K, 0% used [0x00000000e1980000,0x00000000e1980000,0x00000000e4e80000)
 ParOldGen       total 109568K, used 88998K [0x0000000080000000, 0x0000000086b00000, 0x00000000d5580000)
  object space 109568K, 81% used [0x0000000080000000,0x00000000856e9818,0x0000000086b00000)
 Metaspace       used 115777K, capacity 124624K, committed 124840K, reserved 1157120K
  class space    used 14727K, capacity 16238K, committed 16304K, reserved 1048576K
Event: 11506.808 GC heap after
Heap after GC invocations=57 (full 4):
 PSYoungGen      total 254976K, used 6628K [0x00000000d5580000, 0x00000000ea580000, 0x0000000100000000)
  eden space 200704K, 0% used [0x00000000d5580000,0x00000000d5580000,0x00000000e1980000)
  from space 54272K, 12% used [0x00000000e1980000,0x00000000e1ff90a8,0x00000000e4e80000)
  to   space 55296K, 0% used [0x00000000e6f80000,0x00000000e6f80000,0x00000000ea580000)
 ParOldGen       total 109568K, used 89954K [0x0000000080000000, 0x0000000086b00000, 0x00000000d5580000)
  object space 109568K, 82% used [0x0000000080000000,0x00000000857d8868,0x0000000086b00000)
 Metaspace       used 115777K, capacity 124624K, committed 124840K, reserved 1157120K
  class space    used 14727K, capacity 16238K, committed 16304K, reserved 1048576K
}
Event: 11507.983 GC heap before
{Heap before GC invocations=58 (full 4):
 PSYoungGen      total 254976K, used 207332K [0x00000000d5580000, 0x00000000ea580000, 0x0000000100000000)
  eden space 200704K, 100% used [0x00000000d5580000,0x00000000e1980000,0x00000000e1980000)
  from space 54272K, 12% used [0x00000000e1980000,0x00000000e1ff90a8,0x00000000e4e80000)
  to   space 55296K, 0% used [0x00000000e6f80000,0x00000000e6f80000,0x00000000ea580000)
 ParOldGen       total 109568K, used 89954K [0x0000000080000000, 0x0000000086b00000, 0x00000000d5580000)
  object space 109568K, 82% used [0x0000000080000000,0x00000000857d8868,0x0000000086b00000)
 Metaspace       used 115840K, capacity 124642K, committed 124840K, reserved 1157120K
  class space    used 14731K, capacity 16239K, committed 16304K, reserved 1048576K
Event: 11508.002 GC heap after
Heap after GC invocations=58 (full 4):
 PSYoungGen      total 287232K, used 1602K [0x00000000d5580000, 0x00000000ea600000, 0x0000000100000000)
  eden space 231936K, 0% used [0x00000000d5580000,0x00000000d5580000,0x00000000e3800000)
  from space 55296K, 2% used [0x00000000e6f80000,0x00000000e71108c8,0x00000000ea580000)
  to   space 56320K, 0% used [0x00000000e3800000,0x00000000e3800000,0x00000000e6f00000)
 ParOldGen       total 109568K, used 94734K [0x0000000080000000, 0x0000000086b00000, 0x00000000d5580000)
  object space 109568K, 86% used [0x0000000080000000,0x0000000085c83b88,0x0000000086b00000)
 Metaspace       used 115840K, capacity 124642K, committed 124840K, reserved 1157120K
  class space    used 14731K, capacity 16239K, committed 16304K, reserved 1048576K
}
Event: 11510.402 GC heap before
{Heap before GC invocations=59 (full 4):
 PSYoungGen      total 287232K, used 233538K [0x00000000d5580000, 0x00000000ea600000, 0x0000000100000000)
  eden space 231936K, 100% used [0x00000000d5580000,0x00000000e3800000,0x00000000e3800000)
  from space 55296K, 2% used [0x00000000e6f80000,0x00000000e71108c8,0x00000000ea580000)
  to   space 56320K, 0% used [0x00000000e3800000,0x00000000e3800000,0x00000000e6f00000)
 ParOldGen       total 109568K, used 94734K [0x0000000080000000, 0x0000000086b00000, 0x00000000d5580000)
  object space 109568K, 86% used [0x0000000080000000,0x0000000085c83b88,0x0000000086b00000)
 Metaspace       used 115951K, capacity 124794K, committed 125096K, reserved 1159168K
  class space    used 14732K, capacity 16241K, committed 16304K, reserved 1048576K
Event: 11510.439 GC heap after
Heap after GC invocations=59 (full 4):
 PSYoungGen      total 288256K, used 27466K [0x00000000d5580000, 0x00000000ea600000, 0x0000000100000000)
  eden space 231936K, 0% used [0x00000000d5580000,0x00000000d5580000,0x00000000e3800000)
  from space 56320K, 48% used [0x00000000e3800000,0x00000000e52d2b80,0x00000000e6f00000)
  to   space 55296K, 0% used [0x00000000e6f80000,0x00000000e6f80000,0x00000000ea580000)
 ParOldGen       total 109568K, used 95212K [0x0000000080000000, 0x0000000086b00000, 0x00000000d5580000)
  object space 109568K, 86% used [0x0000000080000000,0x0000000085cfb240,0x0000000086b00000)
 Metaspace       used 115951K, capacity 124794K, committed 125096K, reserved 1159168K
  class space    used 14732K, capacity 16241K, committed 16304K, reserved 1048576K
}

