# JRE version: OpenJDK Runtime Environment (8.0_242-b01) (build 1.8.0_242-release-1644-b01)
# Java VM: OpenJDK 64-Bit Server VM (25.242-b01 mixed mode windows-amd64 compressed oops)
Heap:
 PSYoungGen      total 395776K, used 109990K [0x00000000d5580000, 0x00000000f2180000, 0x0000000100000000)
  eden space 368128K, 29% used [0x00000000d5580000,0x00000000dc0e9a78,0x00000000ebd00000)
  from space 27648K, 0% used [0x00000000ee780000,0x00000000ee780000,0x00000000f0280000)
  to   space 43520K, 0% used [0x00000000ebd00000,0x00000000ebd00000,0x00000000ee780000)
 ParOldGen       total 116736K, used 58371K [0x0000000080000000, 0x0000000087200000, 0x00000000d5580000)
  object space 116736K, 50% used [0x0000000080000000,0x0000000083900e38,0x0000000087200000)
 Metaspace       used 85971K, capacity 90096K, committed 90416K, reserved 1126400K
  class space    used 11692K, capacity 12514K, committed 12592K, reserved 1048576K
GC Heap History (10 events):
Event: 22.236 GC heap before
{Heap before GC invocations=14 (full 2):
 PSYoungGen      total 204800K, used 88690K [0x00000000d5580000, 0x00000000e8d00000, 0x0000000100000000)
  eden space 191488K, 39% used [0x00000000d5580000,0x00000000d9f1d448,0x00000000e1080000)
  from space 13312K, 99% used [0x00000000e1080000,0x00000000e1d7f528,0x00000000e1d80000)
  to   space 18944K, 0% used [0x00000000e7a80000,0x00000000e7a80000,0x00000000e8d00000)
 ParOldGen       total 42496K, used 25918K [0x0000000080000000, 0x0000000082980000, 0x00000000d5580000)
  object space 42496K, 60% used [0x0000000080000000,0x000000008194fb30,0x0000000082980000)
 Metaspace       used 57062K, capacity 59052K, committed 59160K, reserved 1099776K
  class space    used 7824K, capacity 8305K, committed 8368K, reserved 1048576K
Event: 22.270 GC heap after
Heap after GC invocations=14 (full 2):
 PSYoungGen      total 292864K, used 7956K [0x00000000d5580000, 0x00000000e8880000, 0x0000000100000000)
  eden space 278528K, 0% used [0x00000000d5580000,0x00000000d5580000,0x00000000e6580000)
  from space 14336K, 55% used [0x00000000e7a80000,0x00000000e82450d8,0x00000000e8880000)
  to   space 17920K, 0% used [0x00000000e6580000,0x00000000e6580000,0x00000000e7700000)
 ParOldGen       total 42496K, used 38598K [0x0000000080000000, 0x0000000082980000, 0x00000000d5580000)
  object space 42496K, 90% used [0x0000000080000000,0x00000000825b1890,0x0000000082980000)
 Metaspace       used 57062K, capacity 59052K, committed 59160K, reserved 1099776K
  class space    used 7824K, capacity 8305K, committed 8368K, reserved 1048576K
}
Event: 22.270 GC heap before
{Heap before GC invocations=15 (full 3):
 PSYoungGen      total 292864K, used 7956K [0x00000000d5580000, 0x00000000e8880000, 0x0000000100000000)
  eden space 278528K, 0% used [0x00000000d5580000,0x00000000d5580000,0x00000000e6580000)
  from space 14336K, 55% used [0x00000000e7a80000,0x00000000e82450d8,0x00000000e8880000)
  to   space 17920K, 0% used [0x00000000e6580000,0x00000000e6580000,0x00000000e7700000)
 ParOldGen       total 42496K, used 38598K [0x0000000080000000, 0x0000000082980000, 0x00000000d5580000)
  object space 42496K, 90% used [0x0000000080000000,0x00000000825b1890,0x0000000082980000)
 Metaspace       used 57062K, capacity 59052K, committed 59160K, reserved 1099776K
  class space    used 7824K, capacity 8305K, committed 8368K, reserved 1048576K
Event: 22.560 GC heap after
Heap after GC invocations=15 (full 3):
 PSYoungGen      total 292864K, used 0K [0x00000000d5580000, 0x00000000e8880000, 0x0000000100000000)
  eden space 278528K, 0% used [0x00000000d5580000,0x00000000d5580000,0x00000000e6580000)
  from space 14336K, 0% used [0x00000000e7a80000,0x00000000e7a80000,0x00000000e8880000)
  to   space 17920K, 0% used [0x00000000e6580000,0x00000000e6580000,0x00000000e7700000)
 ParOldGen       total 70656K, used 32761K [0x0000000080000000, 0x0000000084500000, 0x00000000d5580000)
  object space 70656K, 46% used [0x0000000080000000,0x0000000081ffe4c0,0x0000000084500000)
 Metaspace       used 57052K, capacity 59016K, committed 59160K, reserved 1099776K
  class space    used 7821K, capacity 8299K, committed 8368K, reserved 1048576K
}
Event: 29.135 GC heap before
{Heap before GC invocations=16 (full 3):
 PSYoungGen      total 292864K, used 278528K [0x00000000d5580000, 0x00000000e8880000, 0x0000000100000000)
  eden space 278528K, 100% used [0x00000000d5580000,0x00000000e6580000,0x00000000e6580000)
  from space 14336K, 0% used [0x00000000e7a80000,0x00000000e7a80000,0x00000000e8880000)
  to   space 17920K, 0% used [0x00000000e6580000,0x00000000e6580000,0x00000000e7700000)
 ParOldGen       total 70656K, used 32761K [0x0000000080000000, 0x0000000084500000, 0x00000000d5580000)
  object space 70656K, 46% used [0x0000000080000000,0x0000000081ffe4c0,0x0000000084500000)
 Metaspace       used 70923K, capacity 74108K, committed 74160K, reserved 1114112K
  class space    used 9734K, capacity 10409K, committed 10416K, reserved 1048576K
Event: 29.190 GC heap after
Heap after GC invocations=16 (full 3):
 PSYoungGen      total 296448K, used 17915K [0x00000000d5580000, 0x00000000f0280000, 0x0000000100000000)
  eden space 278528K, 0% used [0x00000000d5580000,0x00000000d5580000,0x00000000e6580000)
  from space 17920K, 99% used [0x00000000e6580000,0x00000000e76fefd8,0x00000000e7700000)
  to   space 27648K, 0% used [0x00000000ee780000,0x00000000ee780000,0x00000000f0280000)
 ParOldGen       total 70656K, used 51235K [0x0000000080000000, 0x0000000084500000, 0x00000000d5580000)
  object space 70656K, 72% used [0x0000000080000000,0x0000000083208cd8,0x0000000084500000)
 Metaspace       used 70923K, capacity 74108K, committed 74160K, reserved 1114112K
  class space    used 9734K, capacity 10409K, committed 10416K, reserved 1048576K
}
Event: 33.817 GC heap before
{Heap before GC invocations=17 (full 3):
 PSYoungGen      total 296448K, used 296443K [0x00000000d5580000, 0x00000000f0280000, 0x0000000100000000)
  eden space 278528K, 100% used [0x00000000d5580000,0x00000000e6580000,0x00000000e6580000)
  from space 17920K, 99% used [0x00000000e6580000,0x00000000e76fefd8,0x00000000e7700000)
  to   space 27648K, 0% used [0x00000000ee780000,0x00000000ee780000,0x00000000f0280000)
 ParOldGen       total 70656K, used 51235K [0x0000000080000000, 0x0000000084500000, 0x00000000d5580000)
  object space 70656K, 72% used [0x0000000080000000,0x0000000083208cd8,0x0000000084500000)
 Metaspace       used 80922K, capacity 84742K, committed 84912K, reserved 1122304K
  class space    used 11202K, capacity 11946K, committed 11952K, reserved 1048576K
Event: 33.952 GC heap after
Heap after GC invocations=17 (full 3):
 PSYoungGen      total 395776K, used 27634K [0x00000000d5580000, 0x00000000f2180000, 0x0000000100000000)
  eden space 368128K, 0% used [0x00000000d5580000,0x00000000d5580000,0x00000000ebd00000)
  from space 27648K, 99% used [0x00000000ee780000,0x00000000f027cb98,0x00000000f0280000)
  to   space 43520K, 0% used [0x00000000ebd00000,0x00000000ebd00000,0x00000000ee780000)
 ParOldGen       total 82432K, used 82178K [0x0000000080000000, 0x0000000085080000, 0x00000000d5580000)
  object space 82432K, 99% used [0x0000000080000000,0x0000000085040a70,0x0000000085080000)
 Metaspace       used 80922K, capacity 84742K, committed 84912K, reserved 1122304K
  class space    used 11202K, capacity 11946K, committed 11952K, reserved 1048576K
}
Event: 33.952 GC heap before
{Heap before GC invocations=18 (full 4):
 PSYoungGen      total 395776K, used 27634K [0x00000000d5580000, 0x00000000f2180000, 0x0000000100000000)
  eden space 368128K, 0% used [0x00000000d5580000,0x00000000d5580000,0x00000000ebd00000)
  from space 27648K, 99% used [0x00000000ee780000,0x00000000f027cb98,0x00000000f0280000)
  to   space 43520K, 0% used [0x00000000ebd00000,0x00000000ebd00000,0x00000000ee780000)
 ParOldGen       total 82432K, used 82178K [0x0000000080000000, 0x0000000085080000, 0x00000000d5580000)
  object space 82432K, 99% used [0x0000000080000000,0x0000000085040a70,0x0000000085080000)
 Metaspace       used 80922K, capacity 84742K, committed 84912K, reserved 1122304K
  class space    used 11202K, capacity 11946K, committed 11952K, reserved 1048576K
Event: 34.181 GC heap after
Heap after GC invocations=18 (full 4):
 PSYoungGen      total 395776K, used 0K [0x00000000d5580000, 0x00000000f2180000, 0x0000000100000000)
  eden space 368128K, 0% used [0x00000000d5580000,0x00000000d5580000,0x00000000ebd00000)
  from space 27648K, 0% used [0x00000000ee780000,0x00000000ee780000,0x00000000f0280000)
  to   space 43520K, 0% used [0x00000000ebd00000,0x00000000ebd00000,0x00000000ee780000)
 ParOldGen       total 116736K, used 58371K [0x0000000080000000, 0x0000000087200000, 0x00000000d5580000)
  object space 116736K, 50% used [0x0000000080000000,0x0000000083900e38,0x0000000087200000)
 Metaspace       used 80818K, capacity 84434K, committed 84912K, reserved 1122304K
  class space    used 11167K, capacity 11886K, committed 11952K, reserved 1048576K
}

